<?xml version="1.0" encoding="UTF-8"?>
<!-- Generated by org.testng.reporters.JUnitXMLReporter -->
<testsuite ignored="0" hostname="SUBHASHA-PC" failures="0" tests="4" name="Test" time="0.264" errors="0" timestamp="2022-07-16T09:36:44 IST">
  <testcase classname="com.nt.examples.TestNgExample1" name="AddUser" time="0.007"/>
  <testcase classname="com.nt.examples.TestNgExample1" name="UpdateUser" time="0.004"/>
  <testcase classname="com.nt.examples.TestNgExample1" name="deleteUser" time="0.011"/>
  <testcase classname="com.nt.examples.TestNgExample1" name="searchUser" time="0.001"/>
</testsuite> <!-- Test -->
