<?xml version="1.0" encoding="UTF-8"?>
<testng-results ignored="0" total="1" passed="1" failed="0" skipped="0">
  <reporter-output>
  </reporter-output>
  <suite started-at="2022-07-18T14:52:34 IST" name="Default suite" finished-at="2022-07-18T14:53:09 IST" duration-ms="35739">
    <groups>
    </groups>
    <test started-at="2022-07-18T14:52:34 IST" name="Default test" finished-at="2022-07-18T14:53:09 IST" duration-ms="35739">
      <class name="com.nt.hrm.AdminJobWorkShift">
        <test-method signature="addWorkshift()[pri:0, instance:com.nt.hrm.AdminJobWorkShift@3d5c822d]" started-at="2022-07-18T14:52:34 IST" name="addWorkshift" finished-at="2022-07-18T14:53:09 IST" duration-ms="35682" status="PASS">
          <reporter-output>
          </reporter-output>
        </test-method> <!-- addWorkshift -->
      </class> <!-- com.nt.hrm.AdminJobWorkShift -->
    </test> <!-- Default test -->
  </suite> <!-- Default suite -->
</testng-results>
